[AXISBANK - 2013-03] Suppressed high-leverage flag: Structural Banking Normalcy.
[AXISBANK - 2014-03] Suppressed high-leverage flag: Structural Banking Normalcy.
[AXISBANK - 2015-03] Suppressed high-leverage flag: Structural Banking Normalcy.
[AXISBANK - 2016-03] Suppressed high-leverage flag: Structural Banking Normalcy.
[AXISBANK - 2017-03] Suppressed high-leverage flag: Structural Banking Normalcy.
[AXISBANK - 2018-03] Suppressed high-leverage flag: Structural Banking Normalcy.
[AXISBANK - 2019-03] Suppressed high-leverage flag: Structural Banking Normalcy.
[AXISBANK - 2020-03] Suppressed high-leverage flag: Structural Banking Normalcy.
[AXISBANK - 2021-03] Suppressed high-leverage flag: Structural Banking Normalcy.
[AXISBANK - 2022-03] Suppressed high-leverage flag: Structural Banking Normalcy.
[AXISBANK - 2023-03] Suppressed high-leverage flag: Structural Banking Normalcy.
[AXISBANK - 2024-03] Suppressed high-leverage flag: Structural Banking Normalcy.
[BAJFINANCE - 2015-03] Suppressed high-leverage flag: Structural Banking Normalcy.
[BAJFINANCE - 2017-03] Suppressed high-leverage flag: Structural Banking Normalcy.
[BAJFINANCE - 2019-03] Suppressed high-leverage flag: Structural Banking Normalcy.
[BANKBARODA - 2013-03] Suppressed high-leverage flag: Structural Banking Normalcy.
[BANKBARODA - 2014-03] Suppressed high-leverage flag: Structural Banking Normalcy.
[BANKBARODA - 2015-03] Suppressed high-leverage flag: Structural Banking Normalcy.
[BANKBARODA - 2016-03] Suppressed high-leverage flag: Structural Banking Normalcy.
[BANKBARODA - 2017-03] Suppressed high-leverage flag: Structural Banking Normalcy.
[BANKBARODA - 2018-03] Suppressed high-leverage flag: Structural Banking Normalcy.
[BANKBARODA - 2019-03] Suppressed high-leverage flag: Structural Banking Normalcy.
[BANKBARODA - 2020-03] Suppressed high-leverage flag: Structural Banking Normalcy.
[BANKBARODA - 2021-03] Suppressed high-leverage flag: Structural Banking Normalcy.
[BANKBARODA - 2022-03] Suppressed high-leverage flag: Structural Banking Normalcy.
[BANKBARODA - 2023-03] Suppressed high-leverage flag: Structural Banking Normalcy.
[BANKBARODA - 2024-03] Suppressed high-leverage flag: Structural Banking Normalcy.
[CANBK - 2013-03] Suppressed high-leverage flag: Structural Banking Normalcy.
[CANBK - 2014-03] Suppressed high-leverage flag: Structural Banking Normalcy.
[CANBK - 2015-03] Suppressed high-leverage flag: Structural Banking Normalcy.
[CANBK - 2016-03] Suppressed high-leverage flag: Structural Banking Normalcy.
[CANBK - 2017-03] Suppressed high-leverage flag: Structural Banking Normalcy.
[CANBK - 2018-03] Suppressed high-leverage flag: Structural Banking Normalcy.
[CANBK - 2019-03] Suppressed high-leverage flag: Structural Banking Normalcy.
[CANBK - 2020-03] Suppressed high-leverage flag: Structural Banking Normalcy.
[CANBK - 2021-03] Suppressed high-leverage flag: Structural Banking Normalcy.
[CANBK - 2022-03] Suppressed high-leverage flag: Structural Banking Normalcy.
[CANBK - 2023-03] Suppressed high-leverage flag: Structural Banking Normalcy.
[CANBK - 2024-03] Suppressed high-leverage flag: Structural Banking Normalcy.
[CHOLAFIN - 2013-03] Suppressed high-leverage flag: Structural Banking Normalcy.
[CHOLAFIN - 2014-03] Suppressed high-leverage flag: Structural Banking Normalcy.
[CHOLAFIN - 2015-03] Suppressed high-leverage flag: Structural Banking Normalcy.
[CHOLAFIN - 2016-03] Suppressed high-leverage flag: Structural Banking Normalcy.
[CHOLAFIN - 2017-03] Suppressed high-leverage flag: Structural Banking Normalcy.
[CHOLAFIN - 2018-03] Suppressed high-leverage flag: Structural Banking Normalcy.
[CHOLAFIN - 2019-03] Suppressed high-leverage flag: Structural Banking Normalcy.
[CHOLAFIN - 2020-03] Suppressed high-leverage flag: Structural Banking Normalcy.
[CHOLAFIN - 2021-03] Suppressed high-leverage flag: Structural Banking Normalcy.
[CHOLAFIN - 2022-03] Suppressed high-leverage flag: Structural Banking Normalcy.
[CHOLAFIN - 2023-03] Suppressed high-leverage flag: Structural Banking Normalcy.
[CHOLAFIN - 2024-03] Suppressed high-leverage flag: Structural Banking Normalcy.
[HDFCBANK - 2013-03] Suppressed high-leverage flag: Structural Banking Normalcy.
[HDFCBANK - 2014-03] Suppressed high-leverage flag: Structural Banking Normalcy.
[HDFCBANK - 2015-03] Suppressed high-leverage flag: Structural Banking Normalcy.
[HDFCBANK - 2016-03] Suppressed high-leverage flag: Structural Banking Normalcy.
[HDFCBANK - 2017-03] Suppressed high-leverage flag: Structural Banking Normalcy.
[HDFCBANK - 2018-03] Suppressed high-leverage flag: Structural Banking Normalcy.
[HDFCBANK - 2019-03] Suppressed high-leverage flag: Structural Banking Normalcy.
[HDFCBANK - 2020-03] Suppressed high-leverage flag: Structural Banking Normalcy.
[HDFCBANK - 2021-03] Suppressed high-leverage flag: Structural Banking Normalcy.
[HDFCBANK - 2022-03] Suppressed high-leverage flag: Structural Banking Normalcy.
[HDFCBANK - 2023-03] Suppressed high-leverage flag: Structural Banking Normalcy.
[HDFCBANK - 2024-03] Suppressed high-leverage flag: Structural Banking Normalcy.
[ICICIBANK - 2013-03] Suppressed high-leverage flag: Structural Banking Normalcy.
[ICICIBANK - 2014-03] Suppressed high-leverage flag: Structural Banking Normalcy.
[ICICIBANK - 2015-03] Suppressed high-leverage flag: Structural Banking Normalcy.
[ICICIBANK - 2016-03] Suppressed high-leverage flag: Structural Banking Normalcy.
[ICICIBANK - 2017-03] Suppressed high-leverage flag: Structural Banking Normalcy.
[ICICIBANK - 2018-03] Suppressed high-leverage flag: Structural Banking Normalcy.
[ICICIBANK - 2019-03] Suppressed high-leverage flag: Structural Banking Normalcy.
[ICICIBANK - 2020-03] Suppressed high-leverage flag: Structural Banking Normalcy.
[ICICIBANK - 2021-03] Suppressed high-leverage flag: Structural Banking Normalcy.
[ICICIBANK - 2022-03] Suppressed high-leverage flag: Structural Banking Normalcy.
[ICICIBANK - 2023-03] Suppressed high-leverage flag: Structural Banking Normalcy.
[ICICIBANK - 2024-03] Suppressed high-leverage flag: Structural Banking Normalcy.
[INDUSINDBK - 2013-03] Suppressed high-leverage flag: Structural Banking Normalcy.
[INDUSINDBK - 2014-03] Suppressed high-leverage flag: Structural Banking Normalcy.
[INDUSINDBK - 2015-03] Suppressed high-leverage flag: Structural Banking Normalcy.
[INDUSINDBK - 2016-03] Suppressed high-leverage flag: Structural Banking Normalcy.
[INDUSINDBK - 2017-03] Suppressed high-leverage flag: Structural Banking Normalcy.
[INDUSINDBK - 2018-03] Suppressed high-leverage flag: Structural Banking Normalcy.
[INDUSINDBK - 2019-03] Suppressed high-leverage flag: Structural Banking Normalcy.
[INDUSINDBK - 2020-03] Suppressed high-leverage flag: Structural Banking Normalcy.
[INDUSINDBK - 2021-03] Suppressed high-leverage flag: Structural Banking Normalcy.
[INDUSINDBK - 2022-03] Suppressed high-leverage flag: Structural Banking Normalcy.
[INDUSINDBK - 2023-03] Suppressed high-leverage flag: Structural Banking Normalcy.
[INDUSINDBK - 2024-03] Suppressed high-leverage flag: Structural Banking Normalcy.
[IRFC - 2013-03] Suppressed high-leverage flag: Structural Banking Normalcy.
[IRFC - 2014-03] Suppressed high-leverage flag: Structural Banking Normalcy.
[IRFC - 2015-03] Suppressed high-leverage flag: Structural Banking Normalcy.
[IRFC - 2016-03] Suppressed high-leverage flag: Structural Banking Normalcy.
[IRFC - 2017-03] Suppressed high-leverage flag: Structural Banking Normalcy.
[IRFC - 2018-03] Suppressed high-leverage flag: Structural Banking Normalcy.
[IRFC - 2019-03] Suppressed high-leverage flag: Structural Banking Normalcy.
[IRFC - 2020-03] Suppressed high-leverage flag: Structural Banking Normalcy.
[IRFC - 2021-03] Suppressed high-leverage flag: Structural Banking Normalcy.
[IRFC - 2022-03] Suppressed high-leverage flag: Structural Banking Normalcy.
[IRFC - 2023-03] Suppressed high-leverage flag: Structural Banking Normalcy.
[IRFC - 2024-03] Suppressed high-leverage flag: Structural Banking Normalcy.
[KOTAKBANK - 2013-03] Suppressed high-leverage flag: Structural Banking Normalcy.
[KOTAKBANK - 2016-03] Suppressed high-leverage flag: Structural Banking Normalcy.
[KOTAKBANK - 2017-03] Suppressed high-leverage flag: Structural Banking Normalcy.
[KOTAKBANK - 2019-03] Suppressed high-leverage flag: Structural Banking Normalcy.
[LICI - 2019-03] Suppressed high-leverage flag: Structural Banking Normalcy.
[LICI - 2020-03] Suppressed high-leverage flag: Structural Banking Normalcy.
[PFC - 2013-03] Suppressed high-leverage flag: Structural Banking Normalcy.
[PFC - 2014-03] Suppressed high-leverage flag: Structural Banking Normalcy.
[PFC - 2015-03] Suppressed high-leverage flag: Structural Banking Normalcy.
[PFC - 2016-03] Suppressed high-leverage flag: Structural Banking Normalcy.
[PFC - 2017-03] Suppressed high-leverage flag: Structural Banking Normalcy.
[PFC - 2018-03] Suppressed high-leverage flag: Structural Banking Normalcy.
[PFC - 2019-03] Suppressed high-leverage flag: Structural Banking Normalcy.
[PFC - 2020-03] Suppressed high-leverage flag: Structural Banking Normalcy.
[PFC - 2021-03] Suppressed high-leverage flag: Structural Banking Normalcy.
[PFC - 2022-03] Suppressed high-leverage flag: Structural Banking Normalcy.
[PFC - 2023-03] Suppressed high-leverage flag: Structural Banking Normalcy.
[PFC - 2024-03] Suppressed high-leverage flag: Structural Banking Normalcy.
[PNB - 2013-03] Suppressed high-leverage flag: Structural Banking Normalcy.
[PNB - 2014-03] Suppressed high-leverage flag: Structural Banking Normalcy.
[PNB - 2015-03] Suppressed high-leverage flag: Structural Banking Normalcy.
[PNB - 2016-03] Suppressed high-leverage flag: Structural Banking Normalcy.
[PNB - 2017-03] Suppressed high-leverage flag: Structural Banking Normalcy.
[PNB - 2018-03] Suppressed high-leverage flag: Structural Banking Normalcy.
[PNB - 2019-03] Suppressed high-leverage flag: Structural Banking Normalcy.
[PNB - 2020-03] Suppressed high-leverage flag: Structural Banking Normalcy.
[PNB - 2021-03] Suppressed high-leverage flag: Structural Banking Normalcy.
[PNB - 2022-03] Suppressed high-leverage flag: Structural Banking Normalcy.
[RECLTD - 2013-03] Suppressed high-leverage flag: Structural Banking Normalcy.
[RECLTD - 2014-03] Suppressed high-leverage flag: Structural Banking Normalcy.
[RECLTD - 2015-03] Suppressed high-leverage flag: Structural Banking Normalcy.
[RECLTD - 2016-03] Suppressed high-leverage flag: Structural Banking Normalcy.
[RECLTD - 2018-03] Suppressed high-leverage flag: Structural Banking Normalcy.
[RECLTD - 2019-03] Suppressed high-leverage flag: Structural Banking Normalcy.
[RECLTD - 2020-03] Suppressed high-leverage flag: Structural Banking Normalcy.
[RECLTD - 2021-03] Suppressed high-leverage flag: Structural Banking Normalcy.
[RECLTD - 2022-03] Suppressed high-leverage flag: Structural Banking Normalcy.
[RECLTD - 2023-03] Suppressed high-leverage flag: Structural Banking Normalcy.
[RECLTD - 2024-03] Suppressed high-leverage flag: Structural Banking Normalcy.
[SHRIRAMFIN - 2015-03] Suppressed high-leverage flag: Structural Banking Normalcy.
[SHRIRAMFIN - 2018-03] Suppressed high-leverage flag: Structural Banking Normalcy.
[SHRIRAMFIN - 2019-03] Suppressed high-leverage flag: Structural Banking Normalcy.
[SHRIRAMFIN - 2020-03] Suppressed high-leverage flag: Structural Banking Normalcy.